{
  "numTotalTests": 2,
  "numPassedTests": 1,
  "numFailedTests": 1,
  "success": false,
  "testResults": [
    {
      "name": "boundary.spec.ts",
      "status": "failed",
      "assertionResults": [
        {"title": "bnd:openapi:item:name:minLength", "fullName": "x bnd:openapi:item:name:minLength", "status": "passed", "duration": 3, "failureMessages": []},
        {"title": "bnd:openapi:item:name:minLength-1", "fullName": "x bnd:openapi:item:name:minLength-1", "status": "failed", "duration": 2, "failureMessages": ["boom"]}
      ]
    }
  ]
}
